GET /myForm.html HTTP/1.1
0:0:0:0:0:0:0:1
26/03/2021 16:12:39 CET
404
------------------------------------------------------
GET /YourServlet.java HTTP/1.1
0:0:0:0:0:0:0:1
26/03/2021 17:03:42 CET
404
------------------------------------------------------
GET /YourServlet.class HTTP/1.1
0:0:0:0:0:0:0:1
26/03/2021 17:03:45 CET
404
------------------------------------------------------
GET /YourServlet.html HTTP/1.1
0:0:0:0:0:0:0:1
26/03/2021 17:03:53 CET
404
------------------------------------------------------
GET /myForm.html HTTP/1.1
0:0:0:0:0:0:0:1
26/03/2021 17:04:05 CET
404
------------------------------------------------------
